#
# There is insufficient memory for the Java Runtime Environment to continue.
# Native memory allocation (malloc) failed to allocate 1048576 bytes for AllocateHeap
# Possible reasons:
#   The system is out of physical RAM or swap space
#   The process is running with CompressedOops enabled, and the Java Heap may be blocking the growth of the native heap
# Possible solutions:
#   Reduce memory load on the system
#   Increase physical memory or swap space
#   Check if swap backing store is full
#   Decrease Java heap size (-Xmx/-Xms)
#   Decrease number of Java threads
#   Decrease Java thread stack sizes (-Xss)
#   Set larger code cache with -XX:ReservedCodeCacheSize=
# This output file may be truncated or incomplete.
#
#  Out of Memory Error (src/hotspot/share/memory/allocation.cpp:46), pid=19684, tid=20616
#
# JRE version:  (11.0.15+10) (build )
# Java VM: OpenJDK 64-Bit Server VM (11.0.15+10-b2043.56, mixed mode, sharing, tiered, compressed oops, g1 gc, windows-amd64)
# No core dump will be written. Minidumps are not enabled by default on client versions of Windows
#

---------------  S U M M A R Y ------------

Command Line: git4idea.http.GitAskPassApp Username for 'https://github.com': 

Host: AMD Ryzen 3 3300U with Radeon Vega Mobile Gfx  , 4 cores, 5G,  Windows 10 , 64 bit Build 19041 (10.0.19041.1806)
Time: Sun Jul 31 14:01:43 2022  Windows 10 , 64 bit Build 19041 (10.0.19041.1806) elapsed time: 0.017016 seconds (0d 0h 0m 0s)

---------------  T H R E A D  ---------------

Current thread (0x000001b917721800):  JavaThread "Unknown thread" [_thread_in_vm, id=20616, stack(0x000000625b200000,0x000000625b300000)]

Stack: [0x000000625b200000,0x000000625b300000]
Native frames: (J=compiled Java code, j=interpreted, Vv=VM code, C=native code)
V  [jvm.dll+0x61612a]
V  [jvm.dll+0x79c450]
V  [jvm.dll+0x79da6d]
V  [jvm.dll+0x79e143]
V  [jvm.dll+0x24cc18]
V  [jvm.dll+0xb8a64]
V  [jvm.dll+0x2eda97]
V  [jvm.dll+0x2e6a7a]
V  [jvm.dll+0x7794f7]
V  [jvm.dll+0x77acec]
V  [jvm.dll+0x368a59]
V  [jvm.dll+0x75ce8e]
V  [jvm.dll+0x3d6a33]
V  [jvm.dll+0x3d9001]
C  [jli.dll+0x536b]
C  [ucrtbase.dll+0x21bb2]
C  [KERNEL32.DLL+0x17034]
C  [ntdll.dll+0x52651]


---------------  P R O C E S S  ---------------

Threads class SMR info:
_java_thread_list=0x000001b915680ce0, length=0, elements={
}

Java Threads: ( => current thread )

Other Threads:
  0x000001b91773a000 GCTaskThread "GC Thread#0" [stack: 0x000000625b300000,0x000000625b400000] [id=5884]

[error occurred during error reporting (printing all threads), id 0xc0000005, EXCEPTION_ACCESS_VIOLATION (0xc0000005) at pc=0x00007ffa98462df0]

VM state:not at safepoint (not fully initialized)

VM Mutex/Monitor currently owned by a thread:  ([mutex/lock_event])
[0x000001b91771cc30] Heap_lock - owner thread: 0x000001b917721800

Heap address: 0x00000000a1400000, size: 1516 MB, Compressed Oops mode: Non-zero based: 0x00000000a1400000
Narrow klass base: 0x0000000000000000, Narrow klass shift: 0

GC Heap History (0 events):
No events

Deoptimization events (0 events):
No events

Classes redefined (0 events):
No events

Internal exceptions (0 events):
No events

Events (1 events):
Event: 0.011 Loaded shared library D:\IntelliJ IDEA 2022.1.3\jbr\bin\zip.dll


Dynamic libraries:
0x00007ff608ca0000 - 0x00007ff608caa000 	D:\IntelliJ IDEA 2022.1.3\jbr\bin\java.exe
0x00007ffb1e230000 - 0x00007ffb1e428000 	C:\Windows\SYSTEM32\ntdll.dll
0x00007ffae0f20000 - 0x00007ffae0f37000 	C:\Program Files\Avast Software\Avast\aswhook.dll
0x00007ffb1d010000 - 0x00007ffb1d0cd000 	C:\Windows\System32\KERNEL32.DLL
0x00007ffb1bac0000 - 0x00007ffb1bd8e000 	C:\Windows\System32\KERNELBASE.dll
0x00007ffb1bfb0000 - 0x00007ffb1c0b0000 	C:\Windows\System32\ucrtbase.dll
0x00007ffb014f0000 - 0x00007ffb01509000 	D:\IntelliJ IDEA 2022.1.3\jbr\bin\jli.dll
0x00007ffb00e60000 - 0x00007ffb00e76000 	D:\IntelliJ IDEA 2022.1.3\jbr\bin\VCRUNTIME140.dll
0x00007ffb1c940000 - 0x00007ffb1cae0000 	C:\Windows\System32\USER32.dll
0x00007ffb1c260000 - 0x00007ffb1c282000 	C:\Windows\System32\win32u.dll
0x00007ffb1da20000 - 0x00007ffb1da4a000 	C:\Windows\System32\GDI32.dll
0x00007ffb1bea0000 - 0x00007ffb1bfab000 	C:\Windows\System32\gdi32full.dll
0x00007ffb1be00000 - 0x00007ffb1be9d000 	C:\Windows\System32\msvcp_win.dll
0x00007ffaf6a90000 - 0x00007ffaf6d2a000 	C:\Windows\WinSxS\amd64_microsoft.windows.common-controls_6595b64144ccf1df_6.0.19041.1110_none_60b5254171f9507e\COMCTL32.dll
0x00007ffb1df60000 - 0x00007ffb1dffe000 	C:\Windows\System32\msvcrt.dll
0x00007ffb1cfd0000 - 0x00007ffb1d000000 	C:\Windows\System32\IMM32.DLL
0x00007ffadad00000 - 0x00007ffadadaa000 	D:\IntelliJ IDEA 2022.1.3\jbr\bin\msvcp140.dll
0x00007ffa98170000 - 0x00007ffa98ceb000 	D:\IntelliJ IDEA 2022.1.3\jbr\bin\server\jvm.dll
0x00007ffb1cdd0000 - 0x00007ffb1ce7e000 	C:\Windows\System32\ADVAPI32.dll
0x00007ffb1e000000 - 0x00007ffb1e09c000 	C:\Windows\System32\sechost.dll
0x00007ffb1d880000 - 0x00007ffb1d9a5000 	C:\Windows\System32\RPCRT4.dll
0x00007ffb1d9b0000 - 0x00007ffb1d9b8000 	C:\Windows\System32\PSAPI.DLL
0x00007ffb15190000 - 0x00007ffb1519a000 	C:\Windows\SYSTEM32\VERSION.dll
0x00007ffb05d10000 - 0x00007ffb05d19000 	C:\Windows\SYSTEM32\WSOCK32.dll
0x00007ffb11150000 - 0x00007ffb11177000 	C:\Windows\SYSTEM32\WINMM.dll
0x00007ffb1e0a0000 - 0x00007ffb1e10b000 	C:\Windows\System32\WS2_32.dll
0x00007ffb19770000 - 0x00007ffb19782000 	C:\Windows\SYSTEM32\kernel.appcore.dll
0x00007ffaedb60000 - 0x00007ffaedb71000 	D:\IntelliJ IDEA 2022.1.3\jbr\bin\verify.dll
0x00007ffb099a0000 - 0x00007ffb09b84000 	C:\Windows\SYSTEM32\DBGHELP.DLL
0x00007ffb08af0000 - 0x00007ffb08b1c000 	C:\Windows\SYSTEM32\dbgcore.DLL
0x00007ffb1ba00000 - 0x00007ffb1ba82000 	C:\Windows\System32\bcryptPrimitives.dll
0x00007ffae0df0000 - 0x00007ffae0e19000 	D:\IntelliJ IDEA 2022.1.3\jbr\bin\java.dll
0x00007ffaef540000 - 0x00007ffaef54b000 	D:\IntelliJ IDEA 2022.1.3\jbr\bin\jimage.dll
0x00007ffaecd20000 - 0x00007ffaecd39000 	D:\IntelliJ IDEA 2022.1.3\jbr\bin\zip.dll

dbghelp: loaded successfully - version: 4.0.5 - missing functions: none
symbol engine: initialized successfully - sym options: 0x614 - pdb path: .;D:\IntelliJ IDEA 2022.1.3\jbr\bin;C:\Windows\SYSTEM32;C:\Program Files\Avast Software\Avast;C:\Windows\WinSxS\amd64_microsoft.windows.common-controls_6595b64144ccf1df_6.0.19041.1110_none_60b5254171f9507e;D:\IntelliJ IDEA 2022.1.3\jbr\bin\server

VM Arguments:
java_command: git4idea.http.GitAskPassApp Username for 'https://github.com': 
java_class_path (initial): D:/IntelliJ IDEA 2022.1.3/plugins/git4idea/lib/git4idea-rt.jar;D:/IntelliJ IDEA 2022.1.3/lib/externalProcess-rt.jar;D:/IntelliJ IDEA 2022.1.3/lib/app.jar;D:/IntelliJ IDEA 2022.1.3/lib/3rd-party-rt.jar
Launcher Type: SUN_STANDARD

[Global flags]
     intx CICompilerCount                          = 3                                         {product} {ergonomic}
     uint ConcGCThreads                            = 1                                         {product} {ergonomic}
     uint G1ConcRefinementThreads                  = 4                                         {product} {ergonomic}
   size_t G1HeapRegionSize                         = 1048576                                   {product} {ergonomic}
    uintx GCDrainStackTargetSize                   = 64                                        {product} {ergonomic}
   size_t InitialHeapSize                          = 100663296                                 {product} {ergonomic}
   size_t MarkStackSize                            = 4194304                                   {product} {ergonomic}
   size_t MaxHeapSize                              = 1589641216                                {product} {ergonomic}
   size_t MinHeapDeltaBytes                        = 1048576                                   {product} {ergonomic}
    uintx NonNMethodCodeHeapSize                   = 5830732                                {pd product} {ergonomic}
    uintx NonProfiledCodeHeapSize                  = 122913754                              {pd product} {ergonomic}
    uintx ProfiledCodeHeapSize                     = 122913754                              {pd product} {ergonomic}
    uintx ReservedCodeCacheSize                    = 251658240                              {pd product} {ergonomic}
     bool SegmentedCodeCache                       = true                                      {product} {ergonomic}
     bool UseCompressedClassPointers               = true                                 {lp64_product} {ergonomic}
     bool UseCompressedOops                        = true                                 {lp64_product} {ergonomic}
     bool UseG1GC                                  = true                                      {product} {ergonomic}
     bool UseLargePagesIndividualAllocation        = false                                  {pd product} {ergonomic}

Logging:
Log output configuration:
 #0: stdout all=warning uptime,level,tags
 #1: stderr all=off uptime,level,tags

Environment Variables:
JAVA_HOME=C:\Program Files\Java\jdk-16.0.2
PATH=D:\Git\mingw64\libexec\git-core;D:\Git\mingw64\libexec\git-core;D:\Git\mingw64\bin;D:\Git\usr\bin;C:\Users\knkyu\bin;C:\Program Files\Common Files\Oracle\Java\javapath;C:\Program Files\Common Files\Oracle\Java\javapat; D;D:\Git\Java\bin";C:\ProgramData\Oracle\Java\javapath;C:\Windows\system32;C:\Windows;C:\Windows\System32\Wbem;C:\Windows\System32\WindowsPowerShell\v1.0;C:\Windows\System32\OpenSSH;D:\;D:\Git\cmd;D:\Java\bin;C:\Program Files\MySQL\MySQL Shell 8.0\bin;C:\Users\knkyu\AppData\Local\Microsoft\WindowsApps;D:\Microsoft VS Code\bin;C:\Users\knkyu\AppData\Roaming\npm;C:\Users\knkyu\AppData\Local\GitHubDesktop\bin;D:\IntelliJ IDEA Community Edition 2021.2.2\bin;C:\Program Files\Java\jdk-16.0.2\bin
USERNAME=knkyu
DISPLAY=:0.0
LC_ALL=en_US.UTF-8
OS=Windows_NT
PROCESSOR_IDENTIFIER=AMD64 Family 23 Model 24 Stepping 1, AuthenticAMD



---------------  S Y S T E M  ---------------

OS: Windows 10 , 64 bit Build 19041 (10.0.19041.1806)
OS uptime: 3 days 23:47 hours

CPU:total 4 (initial active 4) (4 cores per cpu, 1 threads per core) family 23 model 24 stepping 1 microcode 0x0, cmov, cx8, fxsr, mmx, sse, sse2, sse3, ssse3, sse4.1, sse4.2, popcnt, avx, avx2, aes, clmul, mmxext, 3dnowpref, lzcnt, sse4a, tsc, tscinvbit, tscinv, bmi1, bmi2, adx, sha, fma

Memory: 4k page, system-wide physical 6058M (305M free)
TotalPageFile size 18858M (AvailPageFile size 5M)
current process WorkingSet (physical memory assigned to process): 10M, peak: 10M
current process commit charge ("private bytes"): 50M, peak: 51M

vm_info: OpenJDK 64-Bit Server VM (11.0.15+10-b2043.56) for windows-amd64 JRE (11.0.15+10-b2043.56), built on May 16 2022 02:28:12 by "" with MS VC++ 14.0 (VS2015)

END.
